<?xml version="1.0" encoding="UTF-8"?>
<testsuite name="jeus.blog.auto.JeusBlogMainPageTest" tests="1" skipped="0" failures="0" errors="0" timestamp="2022-05-24T14:25:40" hostname="MSI" time="5.594">
  <properties/>
  <testcase name="showMainPage()" classname="jeus.blog.auto.JeusBlogMainPageTest" time="5.594"/>
  <system-out><![CDATA[]]></system-out>
  <system-err><![CDATA[SLF4J: Failed to load class "org.slf4j.impl.StaticLoggerBinder".
SLF4J: Defaulting to no-operation (NOP) logger implementation
SLF4J: See http://www.slf4j.org/codes.html#StaticLoggerBinder for further details.
Starting ChromeDriver 101.0.4951.41 (93c720db8323b3ec10d056025ab95c23a31997c9-refs/branch-heads/4951@{#904}) on port 49577
Only local connections are allowed.
Please see https://chromedriver.chromium.org/security-considerations for suggestions on keeping ChromeDriver safe.
ChromeDriver was started successfully.
5月 24, 2022 11:25:44 午後 org.openqa.selenium.remote.ProtocolHandshake createSession
情報: Detected dialect: W3C
5月 24, 2022 11:25:44 午後 org.openqa.selenium.devtools.CdpVersionFinder findNearestMatch
情報: Found exact CDP implementation for version 101
]]></system-err>
</testsuite>
